[2018.08.06-23.55.39:150][  0]Log file open, 08/07/18 09:25:39
[2018.08.06-23.55.39:150][  0]LogInit:Display: Running engine for game: Hal_09
[2018.08.06-23.55.39:150][  0]LogPlatformFile: Not using cached read wrapper
[2018.08.06-23.55.39:150][  0]LogInit:Display: RandInit(-1121108171) SRandInit(-1121108170).
[2018.08.06-23.55.39:150][  0]LogTaskGraph: Started task graph with 4 named threads and 7 total threads.
[2018.08.06-23.55.39:150][  0]LogStats: Stats thread started at 0.062102
[2018.08.06-23.55.39:150][  0]LogInit: Version: 4.10.4-2872498+++depot+UE4-Releases+4.10
[2018.08.06-23.55.39:150][  0]LogInit: API Version: 2758231
[2018.08.06-23.55.39:150][  0]LogInit: Compiled (64-bit): Feb 18 2016 15:47:04
[2018.08.06-23.55.39:150][  0]LogInit: Compiled with Visual C++: 19.00.23026.00
[2018.08.06-23.55.39:150][  0]LogInit: Build Configuration: Development
[2018.08.06-23.55.39:150][  0]LogInit: Branch Name: ++depot+UE4-Releases+4.10
[2018.08.06-23.55.39:150][  0]LogInit: Command line: -EpicPortal 
[2018.08.06-23.55.39:150][  0]LogInit: Base directory: C:/Program Files (x86)/Epic Games/4.10/Engine/Binaries/Win64/
[2018.08.06-23.55.39:150][  0]LogInit: Rocket: 1
[2018.08.06-23.55.39:154][  0]LogInit: Using libcurl 7.41.0
[2018.08.06-23.55.39:154][  0]LogInit:  - built for x86_64-pc-win32
[2018.08.06-23.55.39:154][  0]LogInit:  - supports SSL with WinSSL
[2018.08.06-23.55.39:154][  0]LogInit:  - other features:
[2018.08.06-23.55.39:154][  0]LogInit:      CURL_VERSION_SSL
[2018.08.06-23.55.39:154][  0]LogInit:      CURL_VERSION_IPV6
[2018.08.06-23.55.39:154][  0]LogInit:      CURL_VERSION_ASYNCHDNS
[2018.08.06-23.55.39:154][  0]LogInit:      CURL_VERSION_LARGEFILE
[2018.08.06-23.55.39:154][  0]LogInit:      CURL_VERSION_IDN
[2018.08.06-23.55.39:154][  0]LogInit:  CurlRequestOptions (configurable via config and command line):
[2018.08.06-23.55.39:154][  0]LogInit:  - bVerifyPeer = true  - Libcurl will verify peer certificate
[2018.08.06-23.55.39:154][  0]LogInit:  - bUseHttpProxy = false  - Libcurl will NOT use HTTP proxy
[2018.08.06-23.55.39:154][  0]LogInit:  - bDontReuseConnections = false  - Libcurl will reuse connections
[2018.08.06-23.55.39:154][  0]LogInit:  - CertBundlePath = nullptr  - Libcurl will use whatever was configured at build time.
[2018.08.06-23.55.39:158][  0]LogInit: Presizing for 0 objects not considered by GC, pre-allocating 0 bytes.
[2018.08.06-23.55.39:163][  0]LogInit: Object subsystem initialized
[2018.08.06-23.55.39:163][  0]LogInit: Selected Device Profile: [Windows]
[2018.08.06-23.55.39:163][  0]LogInit: Applying CVar settings loaded from the selected device profile: [Windows]
[2018.08.06-23.55.39:176][  0]LogInit: Computer: C07-07
[2018.08.06-23.55.39:176][  0]LogInit: User: abishaksharma
[2018.08.06-23.55.39:176][  0]LogInit: CPU Page size=4096, Cores=4
[2018.08.06-23.55.39:176][  0]LogInit: High frequency timer resolution =3.507519 MHz
[2018.08.06-23.55.39:177][  0]LogMemory: Memory total: Physical=31.8GB (32GB approx)
[2018.08.06-23.55.39:177][  0]LogMemory: Platform Memory Stats for Windows
[2018.08.06-23.55.39:177][  0]LogMemory: Process Physical Memory: 57.67 MB used, 57.67 MB peak
[2018.08.06-23.55.39:177][  0]LogMemory: Process Virtual Memory: 58.65 MB used, 58.65 MB peak
[2018.08.06-23.55.39:177][  0]LogMemory: Physical Memory: 6622.73 MB used, 32520.78 MB total
[2018.08.06-23.55.39:177][  0]LogMemory: Virtual Memory: 352.77 MB used, 8388608.00 MB total
[2018.08.06-23.55.39:204][  0]LogTextLocalizationManager: No specific translations for ('en-US') exist, so ('en') translations will be used.
[2018.08.06-23.55.39:545][  0]LogD3D11RHI: Found D3D11 adapter 0: NVIDIA Quadro K620 (Feature Level 11_0)
[2018.08.06-23.55.39:545][  0]LogD3D11RHI: Adapter has 1974MB of dedicated video memory, 0MB of dedicated system memory, and 16004MB of shared system memory, 1 output[s]
[2018.08.06-23.55.39:545][  0]LogD3D11RHI: Chosen D3D11 Adapter Id = 0
[2018.08.06-23.55.39:549][  0]LogD3D11RHI: !Direct3DDevice
[2018.08.06-23.55.39:549][  0]LogRHI: Texture pool is 1361 MB (70% of 1945 MB)
[2018.08.06-23.55.39:559][  0]LogD3D11RHI: Async texture creation enabled
[2018.08.06-23.55.39:573][  0]LogShaderCompilers: Guid format shader working directory is -31 characters bigger than the processId version (D:/Cert_III_Asish_Sharma-2018/Assenssments/Assesnment_7_Level_Development/Hal_09/Intermediate/Shaders/WorkingDirectory/3744/).
[2018.08.06-23.55.39:573][  0]LogShaderCompilers: Cleaned the shader compiler working directory 'C:/Users/ABISHA~1/AppData/Local/Temp/UnrealShaderWorkingDir/F7B602B44CD99CF56A9703A08B861666/'.
[2018.08.06-23.55.39:573][  0]LogShaderCompilers:Display: Using Local Shader Compiler.
[2018.08.06-23.55.40:160][  0]LogTemp:Display: Loaded TP AllDesktopTargetPlatform
[2018.08.06-23.55.40:163][  0]LogTemp:Display: Loaded TP WindowsClientTargetPlatform
[2018.08.06-23.55.40:166][  0]LogTemp:Display: Loaded TP WindowsNoEditorTargetPlatform
[2018.08.06-23.55.40:168][  0]LogTemp:Display: Loaded TP WindowsServerTargetPlatform
[2018.08.06-23.55.40:171][  0]LogTemp:Display: Loaded TP WindowsTargetPlatform
[2018.08.06-23.55.40:173][  0]LogTemp:Display: Loaded TP AndroidTargetPlatform
[2018.08.06-23.55.40:175][  0]LogTemp:Display: Loaded TP Android_ASTCTargetPlatform
[2018.08.06-23.55.40:177][  0]LogTemp:Display: Loaded TP Android_ATCTargetPlatform
[2018.08.06-23.55.40:180][  0]LogTemp:Display: Loaded TP Android_DXTTargetPlatform
[2018.08.06-23.55.40:182][  0]LogTemp:Display: Loaded TP Android_ETC1TargetPlatform
[2018.08.06-23.55.40:184][  0]LogTemp:Display: Loaded TP Android_ETC2TargetPlatform
[2018.08.06-23.55.40:189][  0]LogTemp:Display: Loaded TP Android_MultiTargetPlatform
[2018.08.06-23.55.40:189][  0]LogTemp:Display: Loaded TP Android_PVRTCTargetPlatform
[2018.08.06-23.55.40:189][  0]LogTemp:Display: Loaded TP HTML5TargetPlatform
[2018.08.06-23.55.40:203][  0]LogTemp:Display: Loaded TP IOSTargetPlatform
[2018.08.06-23.55.40:205][  0]LogTemp:Display: Loaded TP LinuxNoEditorTargetPlatform
[2018.08.06-23.55.40:207][  0]LogTemp:Display: Loaded TP LinuxServerTargetPlatform
[2018.08.06-23.55.40:210][  0]LogTemp:Display: Loaded TP LinuxTargetPlatform
[2018.08.06-23.55.40:210][  0]LogTargetPlatformManager:Display: Building Assets For Windows
[2018.08.06-23.55.40:253][  0]LogDerivedDataCache:Display: Max Cache Size: 512 MB
[2018.08.06-23.55.40:290][  0]LogDerivedDataCache: Loaded boot cache 0.04s 41MB C:/Users/Abishak Sharma/AppData/Local/UnrealEngine/4.10/DerivedDataCache/Boot.ddc.
[2018.08.06-23.55.40:290][  0]LogDerivedDataCache:Display: Loaded Boot cache: C:/Users/Abishak Sharma/AppData/Local/UnrealEngine/4.10/DerivedDataCache/Boot.ddc
[2018.08.06-23.55.40:290][  0]LogDerivedDataCache: FDerivedDataBackendGraph:  Pak pak cache file D:/Cert_III_Asish_Sharma-2018/Assenssments/Assesnment_7_Level_Development/Hal_09/DerivedDataCache/DDC.ddp not found, will not use a pak cache.
[2018.08.06-23.55.40:290][  0]LogDerivedDataCache: Unable to find inner node Pak for hierarchical cache Hierarchy.
[2018.08.06-23.55.40:290][  0]LogDerivedDataCache: FDerivedDataBackendGraph:  CompressedPak pak cache file D:/Cert_III_Asish_Sharma-2018/Assenssments/Assesnment_7_Level_Development/Hal_09/DerivedDataCache/Compressed.ddp not found, will not use a pak cache.
[2018.08.06-23.55.40:290][  0]LogDerivedDataCache: Unable to find inner node CompressedPak for hierarchical cache Hierarchy.
[2018.08.06-23.55.40:336][  0]LogDerivedDataCache:Display: Pak cache opened for reading ../../../Engine/DerivedDataCache/Compressed.ddp.
[2018.08.06-23.55.40:348][  0]LogDerivedDataCache: Using Local data cache path C:/Users/Abishak Sharma/AppData/Local/UnrealEngine/Common/DerivedDataCache: Writable
[2018.08.06-23.55.40:470][  0]LogInit: Selected Device Profile: [Windows]
[2018.08.06-23.55.40:471][  0]LogContentStreaming: Texture pool size is 0.000000MB
[2018.08.06-23.55.40:499][  0]LogMeshUtilities: No automatic mesh reduction module available
[2018.08.06-23.55.40:499][  0]LogMeshUtilities: No automatic mesh merging module available
[2018.08.06-23.55.40:772][  0]LogInit: WinSock: version 1.1 (2.2), MaxSocks=32767, MaxUdp=65467
[2018.08.06-23.55.41:303][  0]UdpMessaging: Initializing bridge on interface 0.0.0.0:0 to multicast group 230.0.0.1:6666.
[2018.08.06-23.55.41:384][  0]LogAssetRegistry: FAssetRegistry took 0.0105 seconds to start up
[2018.08.06-23.55.41:497][  0]SourceControl: Info Source control is disabled
[2018.08.06-23.55.41:530][  0]SourceControl: Info Source control is disabled
[2018.08.06-23.55.41:536][  0]SourceControl: Info Source control is disabled
[2018.08.06-23.55.41:541][  0]SourceControl: Info Source control is disabled
[2018.08.06-23.55.41:669][  0]LogObj: 28633 objects as part of root set at end of initial load.
[2018.08.06-23.55.41:669][  0]LogUObjectAllocator: 6099752 out of 0 bytes used by permanent object pool.
[2018.08.06-23.55.41:712][  0]LogEngine: Initializing Engine...
[2018.08.06-23.55.41:713][  0]LogHMD: Can't find Oculus library dev build: is proper Runtime installed? Version: 0.8.0.0
[2018.08.06-23.55.41:714][  0]LogHMD: SteamVR failed to initialize.  Err: 110
[2018.08.06-23.55.41:812][  0]LogAIModule: Creating AISystem for world NewWorld
[2018.08.06-23.55.41:815][  0]LogInit: XAudio2 using 'Speakers (Realtek High Definition Audio)' : 2 channels at 48 kHz using 32 bits per sample (channel mask 0x3)
[2018.08.06-23.55.41:831][  0]LogInit: FAudioDevice initialized.
[2018.08.06-23.55.41:851][  0]LogDerivedDataCache: Saved boot cache 0.02s 41MB C:/Users/Abishak Sharma/AppData/Local/UnrealEngine/4.10/DerivedDataCache/Boot.ddc.
[2018.08.06-23.55.41:856][  0]LogInit: Texture streaming: Enabled
[2018.08.06-23.55.41:859][  0]LogAnalytics: Creating configured Analytics provider AnalyticsET
[2018.08.06-23.55.41:859][  0]LogAnalytics: [UEEditor.Rocket.Release] APIServer = http://et2.epicgames.com/ET2/. AppVersion = 4.10.4-2872498+++depot+UE4-Releases+4.10
[2018.08.06-23.55.41:859][  0]LogAnalytics: [UEEditor.Rocket.Release] SetUserId 26fd195b4627ccb71f58e28f01324ef2|8c45e4f53e0443778329d53749c66361|92b610cd-75bf-42c6-a63b-4c0af98de919
[2018.08.06-23.55.41:859][  0]LogAnalytics: [UEEditor.Rocket.Release] AnalyticsET::StartSession
[2018.08.06-23.55.41:865][  0]LogInit: Transaction tracking system initialized
[2018.08.06-23.55.41:879][  0]BlueprintLog: New page: Editor Load
[2018.08.06-23.55.42:019][  0]LocalizationService: Info Localization service is disabled
[2018.08.06-23.55.42:065][  0]LogConsoleResponse:Display: 
[2018.08.06-23.55.42:152][  0]LogCook:Display: Done creating registry. It took  0.00s.
[2018.08.06-23.55.42:181][  0]LogFileCache: Scanning file cache for directory 'D:/Cert_III_Asish_Sharma-2018/Assenssments/Assesnment_7_Level_Development/Hal_09/Content/' took 0.01s
[2018.08.06-23.55.42:181][  0]SourceControl: Info Source control is disabled
[2018.08.06-23.55.42:181][  0]Cmd: MAP LOAD FILE="D:/Cert_III_Asish_Sharma-2018/Assenssments/Assesnment_7_Level_Development/Hal_09/Content/ThirdPersonBP/Maps/ThirdPersonExampleMap.umap" TEMPLATE=0 SHOWPROGRESS=1 FEATURELEVEL=3
[2018.08.06-23.55.42:188][  0]LightingResults: New page: Lighting Build
[2018.08.06-23.55.42:190][  0]MapCheck: New page: Map Check
[2018.08.06-23.55.42:190][  0]LightingResults: New page: Lighting Build
[2018.08.06-23.55.42:198][  0]LogParticles: Destroying 0 GPU particle simulations for FXSystem 0x000000001CDAB420
[2018.08.06-23.55.42:751][  0]LogAIModule: Creating AISystem for world ThirdPersonExampleMap
[2018.08.06-23.55.42:757][  0]LogEditorServer: Finished looking for orphan Actors (0.000 secs)
[2018.08.06-23.55.42:758][  0]Cmd: MAP CHECKDEP NOCLEARLOG
[2018.08.06-23.55.42:791][  0]MapCheck: Info Map check complete: 0 Error(s), 0 Warning(s), took 33.565ms to complete.
[2018.08.06-23.55.42:792][  0]LogFileHelpers: Loading map 'ThirdPersonExampleMap' took 0.609
[2018.08.06-23.55.42:904][  0]LogCollectionManager: Loaded 0 collections in 0.001636 seconds
[2018.08.06-23.55.42:939][  0]LogFileCache: Scanning file cache for directory 'D:/Cert_III_Asish_Sharma-2018/Assenssments/Assesnment_7_Level_Development/Hal_09/Saved/Collections/' took 0.01s
[2018.08.06-23.55.42:939][  0]LogFileCache: Scanning file cache for directory 'D:/Cert_III_Asish_Sharma-2018/Assenssments/Assesnment_7_Level_Development/Hal_09/Content/Developers/abishaksharma/Collections/' took 0.01s
[2018.08.06-23.55.42:939][  0]LogFileCache: Scanning file cache for directory 'D:/Cert_III_Asish_Sharma-2018/Assenssments/Assesnment_7_Level_Development/Hal_09/Content/Collections/' took 0.01s
[2018.08.06-23.55.42:939][  0]LogCollectionManager: Rebuilt the GUID cache for 0 collections in 0.000002 seconds
[2018.08.06-23.55.42:945][  0]LogContentBrowser: Native class hierarchy populated in 0.0059 seconds. Added 1893 classes and 338 folders.
[2018.08.06-23.55.42:948][  0]LogContentBrowser: Native class hierarchy updated for 'WidgetCarousel' in 0.0002 seconds. Added 0 classes and 0 folders.
[2018.08.06-23.55.43:216][  0]LogContentBrowser: Native class hierarchy updated for 'AddContentDialog' in 0.0003 seconds. Added 0 classes and 0 folders.
[2018.08.06-23.55.43:219][  0]LogContentBrowser: Native class hierarchy updated for 'SceneOutliner' in 0.0002 seconds. Added 1 classes and 2 folders.
[2018.08.06-23.55.43:250][  0]LogCrashTracker: Crashtracker disabled due to settings.
[2018.08.06-23.55.43:254][  0]LogUObjectGlobals:Warning: Failed to find object 'Class None.'
[2018.08.06-23.55.43:275][  0]LogLoad: Full Startup: 4.51 seconds (BP compile: 0.06 seconds)
[2018.08.06-23.55.43:285][  0]LogOcInput: Can't find Oculus library dev build: is proper Runtime installed? Version: 0.8.0.0
[2018.08.06-23.55.43:387][  0]LogContentStreaming: Texture pool size now 400 MB
[2018.08.06-23.55.43:519][  0]LogRenderer: Reallocating scene render targets to support 1208x572 (Frame:2).
[2018.08.06-23.55.43:791][  3]LogAssetRegistry: Asset discovery search completed in 2.4160 seconds
[2018.08.06-23.55.43:791][  3]LogCollectionManager: Rebuilt the object cache for 0 collections in 0.000001 seconds (found 0 objects)
[2018.08.06-23.55.43:791][  3]LogCollectionManager: Fixed up redirectors for 0 collections in 0.000015 seconds (updated 0 objects)
[2018.08.06-23.58.12:503][ 94]LogEditorViewport: Clicking on Actor (LMB): StaticMeshActor (Wall5)
[2018.08.06-23.58.18:286][627]Cmd: DELETE
[2018.08.06-23.58.18:286][627]Cmd: ACTOR DELETE
[2018.08.06-23.58.18:291][627]LogEditorActor: Deleted Actor: StaticMeshActor
[2018.08.06-23.58.18:316][627]LogEditorActor: Deleted 1 Actors (0.030 secs)
[2018.08.06-23.58.19:307][722]LogEditorViewport: Clicking on Actor (LMB): StaticMeshActor (Wall7)
[2018.08.06-23.58.19:530][740]Cmd: DELETE
[2018.08.06-23.58.19:530][740]Cmd: ACTOR DELETE
[2018.08.06-23.58.19:530][740]LogEditorActor: Deleted Actor: StaticMeshActor
[2018.08.06-23.58.19:550][740]LogEditorActor: Deleted 1 Actors (0.020 secs)
[2018.08.06-23.58.20:495][832]LogEditorViewport: Clicking on Actor (LMB): StaticMeshActor (Wall6)
[2018.08.06-23.58.20:816][860]Cmd: DELETE
[2018.08.06-23.58.20:816][860]Cmd: ACTOR DELETE
[2018.08.06-23.58.20:817][860]LogEditorActor: Deleted Actor: StaticMeshActor
[2018.08.06-23.58.20:839][860]LogEditorActor: Deleted 1 Actors (0.022 secs)
[2018.08.06-23.58.21:659][939]LogEditorViewport: Clicking on Actor (LMB): StaticMeshActor (Wall8)
[2018.08.06-23.58.21:937][964]Cmd: DELETE
[2018.08.06-23.58.21:937][964]Cmd: ACTOR DELETE
[2018.08.06-23.58.21:937][964]LogEditorActor: Deleted Actor: StaticMeshActor
[2018.08.06-23.58.21:955][964]LogEditorActor: Deleted 1 Actors (0.018 secs)
[2018.08.06-23.58.22:510][ 19]LogEditorViewport: Clicking on Actor (LMB): StaticMeshActor (Floor)
[2018.08.06-23.58.23:408][101]LogEditorViewport: Clicking on Actor (LMB): StaticMeshActor (Floor)
[2018.08.06-23.58.38:275][460]Cmd: BRUSH ADD SELECTNEWBRUSH
[2018.08.06-23.58.39:232][541]Cmd: CAMERA ALIGN ACTIVEVIEWPORTONLY
[2018.08.06-23.59.07:058][929]LogBlueprintUserMessages: Early PlayInEditor Detection: Level '/Game/ThirdPersonBP/Maps/ThirdPersonExampleMap.ThirdPersonExampleMap:PersistentLevel' has LevelScriptBlueprint '/Game/ThirdPersonBP/Maps/ThirdPersonExampleMap.ThirdPersonExampleMap:PersistentLevel.ThirdPersonExampleMap' with GeneratedClass '/Game/ThirdPersonBP/Maps/ThirdPersonExampleMap.ThirdPersonExampleMap_C' with ClassGeneratedBy '/Game/ThirdPersonBP/Maps/ThirdPersonExampleMap.ThirdPersonExampleMap:PersistentLevel.ThirdPersonExampleMap'
[2018.08.06-23.59.07:058][929]LogPlayLevel: PlayLevel: No blueprints needed recompiling
[2018.08.06-23.59.07:058][929]PIE: New page: PIE session: ThirdPersonExampleMap (Aug 7, 2018, 6:59:07 PM)
[2018.08.06-23.59.07:058][929]LogPlayLevel: Creating play world package: /Game/ThirdPersonBP/Maps/UEDPIE_0_ThirdPersonExampleMap
[2018.08.06-23.59.07:079][929]LogPlayLevel: PIE: StaticDuplicateObject took: (0.020942s)
[2018.08.06-23.59.07:080][929]LogAIModule: Creating AISystem for world ThirdPersonExampleMap
[2018.08.06-23.59.07:080][929]LogPlayLevel: PIE: World Init took: (0.001086s)
[2018.08.06-23.59.07:081][929]LogPlayLevel: PIE: Created PIE world by copying editor world from /Game/ThirdPersonBP/Maps/ThirdPersonExampleMap.ThirdPersonExampleMap to /Game/ThirdPersonBP/Maps/UEDPIE_0_ThirdPersonExampleMap.ThirdPersonExampleMap (0.022316s)
[2018.08.06-23.59.07:096][929]LogInit: XAudio2 using 'Speakers (Realtek High Definition Audio)' : 2 channels at 48 kHz using 32 bits per sample (channel mask 0x3)
[2018.08.06-23.59.07:104][929]LogInit: FAudioDevice initialized.
[2018.08.06-23.59.07:173][929]LogWorld: Game class is 'ThirdPersonGameMode_C'
[2018.08.06-23.59.07:177][929]LogWorld: Bringing World /Game/ThirdPersonBP/Maps/UEDPIE_0_ThirdPersonExampleMap.ThirdPersonExampleMap up for play (max tick rate 0) at 2018.08.07-09.29.07
[2018.08.06-23.59.07:177][929]LogActor:Warning: GameSession /Game/ThirdPersonBP/Maps/UEDPIE_0_ThirdPersonExampleMap.ThirdPersonExampleMap:PersistentLevel.GameSession_0 has natively added scene component(s), but none of them were set as the actor's RootComponent - picking one arbitrarily
[2018.08.06-23.59.07:177][929]LogActor:Warning: GameNetworkManager /Game/ThirdPersonBP/Maps/UEDPIE_0_ThirdPersonExampleMap.ThirdPersonExampleMap:PersistentLevel.GameNetworkManager_0 has natively added scene component(s), but none of them were set as the actor's RootComponent - picking one arbitrarily
[2018.08.06-23.59.07:177][929]LogWorld: Bringing up level for play took: 0.002626
[2018.08.06-23.59.07:178][929]PIE: Info Play in editor start time for /Game/ThirdPersonBP/Maps/UEDPIE_0_ThirdPersonExampleMap -0.819
[2018.08.06-23.59.07:178][929]LogBlueprintUserMessages: Late PlayInEditor Detection: Level '/Game/ThirdPersonBP/Maps/ThirdPersonExampleMap.ThirdPersonExampleMap:PersistentLevel' has LevelScriptBlueprint '/Game/ThirdPersonBP/Maps/ThirdPersonExampleMap.ThirdPersonExampleMap:PersistentLevel.ThirdPersonExampleMap' with GeneratedClass '/Game/ThirdPersonBP/Maps/ThirdPersonExampleMap.ThirdPersonExampleMap_C' with ClassGeneratedBy '/Game/ThirdPersonBP/Maps/ThirdPersonExampleMap.ThirdPersonExampleMap:PersistentLevel.ThirdPersonExampleMap'
[2018.08.06-23.59.15:876][967]LogBlueprintUserMessages: Early EndPlayMap Detection: Level '/Game/ThirdPersonBP/Maps/ThirdPersonExampleMap.ThirdPersonExampleMap:PersistentLevel' has LevelScriptBlueprint '/Game/ThirdPersonBP/Maps/ThirdPersonExampleMap.ThirdPersonExampleMap:PersistentLevel.ThirdPersonExampleMap' with GeneratedClass '/Game/ThirdPersonBP/Maps/ThirdPersonExampleMap.ThirdPersonExampleMap_C' with ClassGeneratedBy '/Game/ThirdPersonBP/Maps/ThirdPersonExampleMap.ThirdPersonExampleMap:PersistentLevel.ThirdPersonExampleMap'
[2018.08.06-23.59.15:924][967]LogBlueprintUserMessages: Late EndPlayMap Detection: Level '/Game/ThirdPersonBP/Maps/ThirdPersonExampleMap.ThirdPersonExampleMap:PersistentLevel' has LevelScriptBlueprint '/Game/ThirdPersonBP/Maps/ThirdPersonExampleMap.ThirdPersonExampleMap:PersistentLevel.ThirdPersonExampleMap' with GeneratedClass '/Game/ThirdPersonBP/Maps/ThirdPersonExampleMap.ThirdPersonExampleMap_C' with ClassGeneratedBy '/Game/ThirdPersonBP/Maps/ThirdPersonExampleMap.ThirdPersonExampleMap:PersistentLevel.ThirdPersonExampleMap'
[2018.08.06-23.59.15:960][968]LogParticles: Destroying 0 GPU particle simulations for FXSystem 0x000000001CBB7420
[2018.08.07-00.00.10:294][187]LogSavePackage: Save=107.686371ms
[2018.08.07-00.00.10:294][187]LogSavePackage: Moving 'D:/Cert_III_Asish_Sharma-2018/Assenssments/Assesnment_7_Level_Development/Hal_09/Saved/ThirdPersonExampleMapC98E33C74DDF72A7925EC293D75CCA06.tmp' to 'D:/Cert_III_Asish_Sharma-2018/Assenssments/Assesnment_7_Level_Development/Hal_09/Content/ThirdPersonBP/Maps/ThirdPersonExampleMap.umap'
[2018.08.07-00.00.10:299][187]LogSavePackage: Total save time: 127.339013ms
[2018.08.07-00.00.10:299][187]LogSavePackage:Display: Finished SavePackage D:/Cert_III_Asish_Sharma-2018/Assenssments/Assesnment_7_Level_Development/Hal_09/Content/ThirdPersonBP/Maps/ThirdPersonExampleMap.umap
[2018.08.07-00.00.10:334][187]LogFileHelpers: Saving map 'ThirdPersonExampleMap' took 0.213
[2018.08.07-00.00.10:573][188]Cmd: QUIT_EDITOR
[2018.08.07-00.00.10:677][188]LogExit: Preparing to exit.
[2018.08.07-00.00.11:446][188]LogExit: Editor shut down
[2018.08.07-00.00.11:446][188]LogExit: Transaction tracking system shut down
[2018.08.07-00.00.11:447][188]LogParticles: Destroying 0 GPU particle simulations for FXSystem 0x0000000010959E40
[2018.08.07-00.00.11:448][188]LogParticles: Destroying 0 GPU particle simulations for FXSystem 0x00000000257BF880
[2018.08.07-00.00.11:448][188]LogParticles: Destroying 0 GPU particle simulations for FXSystem 0x000000002A23FBA0
[2018.08.07-00.00.11:448][188]LogParticles: Destroying 0 GPU particle simulations for FXSystem 0x000000002A23F1A0
[2018.08.07-00.00.11:559][188]LogExit: Object subsystem successfully closed.
[2018.08.07-00.00.11:568][188]LogD3D11RHI: Shutdown
[2018.08.07-00.00.11:568][188]LogD3D11RHI: CleanupD3DDevice
[2018.08.07-00.00.11:606][188]LogD3D11RHI: ~FD3D11DynamicRHI
[2018.08.07-00.00.11:615][188]LogModuleManager: Shutting down and abandoning module CookingStats (199)
[2018.08.07-00.00.11:615][188]LogModuleManager: Shutting down and abandoning module CrashTracker (198)
[2018.08.07-00.00.11:615][188]LogModuleManager: Shutting down and abandoning module SceneOutliner (197)
[2018.08.07-00.00.11:615][188]LogModuleManager: Shutting down and abandoning module SuperSearch (196)
[2018.08.07-00.00.11:616][188]LogModuleManager: Shutting down and abandoning module WidgetCarousel (195)
[2018.08.07-00.00.11:616][188]LogModuleManager: Shutting down and abandoning module AddContentDialog (194)
[2018.08.07-00.00.11:616][188]LogModuleManager: Shutting down and abandoning module EditorWidgets (193)
[2018.08.07-00.00.11:616][188]LogModuleManager: Shutting down and abandoning module CollectionManager (192)
[2018.08.07-00.00.11:617][188]LogModuleManager: Shutting down and abandoning module StatsViewer (191)
[2018.08.07-00.00.11:617][188]LogModuleManager: Shutting down and abandoning module FoliageEdit (190)
[2018.08.07-00.00.11:617][188]LogModuleManager: Shutting down and abandoning module LandscapeEditor (189)
[2018.08.07-00.00.11:617][188]LogModuleManager: Shutting down and abandoning module ActorPickerMode (188)
[2018.08.07-00.00.11:617][188]LogModuleManager: Shutting down and abandoning module GeometryMode (187)
[2018.08.07-00.00.11:617][188]LogModuleManager: Shutting down and abandoning module TextureAlignMode (186)
[2018.08.07-00.00.11:617][188]LogModuleManager: Shutting down and abandoning module BspMode (185)
[2018.08.07-00.00.11:617][188]LogModuleManager: Shutting down and abandoning module PlacementMode (184)
[2018.08.07-00.00.11:617][188]LogModuleManager: Shutting down and abandoning module AutomationWorker (183)
[2018.08.07-00.00.11:617][188]LogModuleManager: Shutting down and abandoning module CharacterAI (182)
[2018.08.07-00.00.11:617][188]LogModuleManager: Shutting down and abandoning module SmartSnapping (181)
[2018.08.07-00.00.11:617][188]LogModuleManager: Shutting down and abandoning module ViewportSnapping (180)
[2018.08.07-00.00.11:617][188]LogModuleManager: Shutting down and abandoning module LogVisualizer (179)
[2018.08.07-00.00.11:617][188]LogModuleManager: Shutting down and abandoning module GameProjectGeneration (178)
[2018.08.07-00.00.11:617][188]LogModuleManager: Shutting down and abandoning module IntroTutorials (177)
[2018.08.07-00.00.11:617][188]LogModuleManager: Shutting down and abandoning module EditorLiveStreaming (176)
[2018.08.07-00.00.11:617][188]LogModuleManager: Shutting down and abandoning module IOSPlatformEditor (175)
[2018.08.07-00.00.11:617][188]LogModuleManager: Shutting down and abandoning module HTML5PlatformEditor (174)
[2018.08.07-00.00.11:617][188]LogModuleManager: Shutting down and abandoning module AndroidDeviceDetection (173)
[2018.08.07-00.00.12:145][188]LogModuleManager: Shutting down and abandoning module AndroidPlatformEditor (172)
[2018.08.07-00.00.12:145][188]LogModuleManager: Shutting down and abandoning module IOSRuntimeSettings (171)
[2018.08.07-00.00.12:145][188]LogModuleManager: Shutting down and abandoning module AndroidRuntimeSettings (170)
[2018.08.07-00.00.12:145][188]LogModuleManager: Shutting down and abandoning module MergeActors (169)
[2018.08.07-00.00.12:145][188]LogModuleManager: Shutting down and abandoning module SizeMap (168)
[2018.08.07-00.00.12:145][188]LogModuleManager: Shutting down and abandoning module TreeMap (167)
[2018.08.07-00.00.12:145][188]LogModuleManager: Shutting down and abandoning module ReferenceViewer (166)
[2018.08.07-00.00.12:145][188]LogModuleManager: Shutting down and abandoning module LocalizationService (165)
[2018.08.07-00.00.12:145][188]LogModuleManager: Shutting down and abandoning module LocalizationDashboard (164)
[2018.08.07-00.00.12:145][188]LogModuleManager: Shutting down and abandoning module HardwareTargeting (163)
[2018.08.07-00.00.12:145][188]LogModuleManager: Shutting down and abandoning module DeviceProfileEditor (162)
[2018.08.07-00.00.12:145][188]LogModuleManager: Shutting down and abandoning module UndoHistory (161)
[2018.08.07-00.00.12:145][188]LogModuleManager: Shutting down and abandoning module GameplayTagsEditor (160)
[2018.08.07-00.00.12:145][188]LogModuleManager: Shutting down and abandoning module UserFeedback (159)
[2018.08.07-00.00.12:145][188]LogModuleManager: Shutting down and abandoning module XmlParser (158)
[2018.08.07-00.00.12:145][188]LogModuleManager: Shutting down and abandoning module Blutility (157)
[2018.08.07-00.00.12:145][188]LogModuleManager: Shutting down and abandoning module ProjectTargetPlatformEditor (156)
[2018.08.07-00.00.12:145][188]LogModuleManager: Shutting down and abandoning module ProjectSettingsViewer (155)
[2018.08.07-00.00.12:145][188]LogModuleManager: Shutting down and abandoning module InputBindingEditor (154)
[2018.08.07-00.00.12:145][188]LogModuleManager: Shutting down and abandoning module EditorSettingsViewer (153)
[2018.08.07-00.00.12:145][188]LogModuleManager: Shutting down and abandoning module SettingsEditor (152)
[2018.08.07-00.00.12:146][188]LogModuleManager: Shutting down and abandoning module ProjectLauncher (151)
[2018.08.07-00.00.12:146][188]LogModuleManager: Shutting down and abandoning module SessionFrontend (150)
[2018.08.07-00.00.12:146][188]LogModuleManager: Shutting down and abandoning module ProfilerClient (149)
[2018.08.07-00.00.12:146][188]LogModuleManager: Shutting down and abandoning module TargetDeviceServices (148)
[2018.08.07-00.00.12:146][188]LogModuleManager: Shutting down and abandoning module DeviceManager (147)
[2018.08.07-00.00.12:146][188]LogModuleManager: Shutting down and abandoning module AutomationController (146)
[2018.08.07-00.00.12:146][188]LogModuleManager: Shutting down and abandoning module AutomationWindow (145)
[2018.08.07-00.00.12:146][188]LogModuleManager: Shutting down and abandoning module Layers (144)
[2018.08.07-00.00.12:146][188]LogModuleManager: Shutting down and abandoning module ComponentVisualizers (143)
[2018.08.07-00.00.12:146][188]LogModuleManager: Shutting down and abandoning module DetailCustomizations (142)
[2018.08.07-00.00.12:146][188]LogModuleManager: Shutting down and abandoning module PackagesDialog (141)
[2018.08.07-00.00.12:146][188]LogModuleManager: Shutting down and abandoning module Persona (140)
[2018.08.07-00.00.12:146][188]LogModuleManager: Shutting down and abandoning module Kismet (139)
[2018.08.07-00.00.12:146][188]LogModuleManager: Shutting down and abandoning module GraphEditor (138)
[2018.08.07-00.00.12:146][188]LogModuleManager: Shutting down and abandoning module ClassViewer (137)
[2018.08.07-00.00.12:146][188]LogModuleManager: Shutting down and abandoning module Toolbox (136)
[2018.08.07-00.00.12:146][188]LogModuleManager: Shutting down and abandoning module ModuleUI (135)
[2018.08.07-00.00.12:146][188]LogModuleManager: Shutting down and abandoning module MovieSceneTools (134)
[2018.08.07-00.00.12:146][188]LogModuleManager: Shutting down and abandoning module OutputLog (133)
[2018.08.07-00.00.12:146][188]LogModuleManager: Shutting down and abandoning module GammaUI (132)
[2018.08.07-00.00.12:146][188]LogModuleManager: Shutting down and abandoning module Documentation (131)
[2018.08.07-00.00.12:146][188]LogModuleManager: Shutting down and abandoning module GameLiveStreaming (130)
[2018.08.07-00.00.12:146][188]LogModuleManager: Shutting down and abandoning module StreamingPauseRendering (129)
[2018.08.07-00.00.12:146][188]LogModuleManager: Shutting down and abandoning module AnalyticsET (128)
[2018.08.07-00.00.12:146][188]LogModuleManager: Shutting down and abandoning module Analytics (127)
[2018.08.07-00.00.12:146][188]LogModuleManager: Shutting down and abandoning module AITestSuite (126)
[2018.08.07-00.00.12:146][188]LogModuleManager: Shutting down and abandoning module GameplayDebugger (125)
[2018.08.07-00.00.12:146][188]LogModuleManager: Shutting down and abandoning module AIModule (124)
[2018.08.07-00.00.12:146][188]LogModuleManager: Shutting down and abandoning module ProfilerService (123)
[2018.08.07-00.00.12:316][188]LogModuleManager: Shutting down and abandoning module TaskGraph (122)
[2018.08.07-00.00.12:316][188]LogModuleManager: Shutting down and abandoning module SlateRemote (121)
[2018.08.07-00.00.12:316][188]LogModuleManager: Shutting down and abandoning module SteamVRController (120)
[2018.08.07-00.00.12:316][188]LogModuleManager: Shutting down and abandoning module SteamVR (119)
[2018.08.07-00.00.12:316][188]LogModuleManager: Shutting down and abandoning module ProceduralMeshComponent (118)
[2018.08.07-00.00.12:316][188]LogModuleManager: Shutting down and abandoning module OculusLibrary (117)
[2018.08.07-00.00.12:316][188]LogModuleManager: Shutting down and abandoning module OculusInput (116)
[2018.08.07-00.00.12:316][188]LogModuleManager: Shutting down and abandoning module LeapMotionController (115)
[2018.08.07-00.00.12:323][188]LogModuleManager: Shutting down and abandoning module CustomMeshComponent (114)
[2018.08.07-00.00.12:323][188]LogModuleManager: Shutting down and abandoning module CableComponent (113)
[2018.08.07-00.00.12:323][188]LogModuleManager: Shutting down and abandoning module ArchVisCharacter (112)
[2018.08.07-00.00.12:323][188]LogModuleManager: Shutting down and abandoning module MessagingDebugger (111)
[2018.08.07-00.00.12:323][188]LogModuleManager: Shutting down and abandoning module MediaPlayerEditor (110)
[2018.08.07-00.00.12:323][188]LogModuleManager: Shutting down and abandoning module HTML5Networking (109)
[2018.08.07-00.00.12:323][188]LogModuleManager: Shutting down and abandoning module SpeedTreeImporter (108)
[2018.08.07-00.00.12:323][188]LogModuleManager: Shutting down and abandoning module PluginBrowser (107)
[2018.08.07-00.00.12:323][188]LogModuleManager: Shutting down and abandoning module EpicSurvey (106)
[2018.08.07-00.00.12:325][188]LogModuleManager: Shutting down and abandoning module DesktopPlatform (105)
[2018.08.07-00.00.12:325][188]LogModuleManager: Shutting down and abandoning module VisualStudioSourceCodeAccess (104)
[2018.08.07-00.00.12:325][188]LogModuleManager: Shutting down and abandoning module UObjectPlugin (103)
[2018.08.07-00.00.12:325][188]LogModuleManager: Shutting down and abandoning module SubversionSourceControl (102)
[2018.08.07-00.00.12:325][188]LogModuleManager: Shutting down and abandoning module PerforceSourceControl (101)
[2018.08.07-00.00.12:325][188]LogModuleManager: Shutting down and abandoning module SourceControl (100)
[2018.08.07-00.00.12:325][188]LogModuleManager: Shutting down and abandoning module GitSourceControl (99)
[2018.08.07-00.00.12:325][188]LogModuleManager: Shutting down and abandoning module LightPropagationVolumeEditor (98)
[2018.08.07-00.00.12:325][188]LogModuleManager: Shutting down and abandoning module PaperTiledImporter (97)
[2018.08.07-00.00.12:325][188]LogModuleManager: Shutting down and abandoning module PaperSpriteSheetImporter (96)
[2018.08.07-00.00.12:325][188]LogModuleManager: Shutting down and abandoning module MeshPaint (95)
[2018.08.07-00.00.12:325][188]LogModuleManager: Shutting down and abandoning module SlateReflector (94)
[2018.08.07-00.00.12:325][188]LogModuleManager: Shutting down and abandoning module HotReload (93)
[2018.08.07-00.00.12:325][188]LogModuleManager: Shutting down and abandoning module MainFrame (92)
[2018.08.07-00.00.12:325][188]LogModuleManager: Shutting down and abandoning module LevelEditor (91)
[2018.08.07-00.00.12:326][188]LogModuleManager: Shutting down and abandoning module DirectoryWatcher (90)
[2018.08.07-00.00.12:327][188]LogModuleManager: Shutting down and abandoning module AssetRegistry (89)
[2018.08.07-00.00.12:394][188]LogModuleManager: Shutting down and abandoning module ContentBrowser (88)
[2018.08.07-00.00.12:395][188]LogModuleManager: Shutting down and abandoning module Paper2DEditor (87)
[2018.08.07-00.00.12:395][188]LogModuleManager: Shutting down and abandoning module UdpMessaging (86)
[2018.08.07-00.00.12:495][188]LogModuleManager: Shutting down and abandoning module LightPropagationVolumeRuntime (85)
[2018.08.07-00.00.12:495][188]LogModuleManager: Shutting down and abandoning module Paper2D (84)
[2018.08.07-00.00.12:495][188]LogModuleManager: Shutting down and abandoning module WindowsMoviePlayer (83)
[2018.08.07-00.00.12:497][188]LogModuleManager: Shutting down and abandoning module Media (82)
[2018.08.07-00.00.12:497][188]LogModuleManager: Shutting down and abandoning module WmfMedia (81)
[2018.08.07-00.00.12:497][188]LogModuleManager: Shutting down and abandoning module OnlineBlueprintSupport (80)
[2018.08.07-00.00.12:498][188]LogModuleManager: Shutting down and abandoning module GameplayTasksEditor (79)
[2018.08.07-00.00.12:498][188]LogModuleManager: Shutting down and abandoning module PropertyEditor (78)
[2018.08.07-00.00.12:498][188]LogModuleManager: Shutting down and abandoning module BehaviorTreeEditor (77)
[2018.08.07-00.00.12:498][188]LogModuleManager: Shutting down and abandoning module FunctionalTesting (76)
[2018.08.07-00.00.12:498][188]LogModuleManager: Shutting down and abandoning module CollisionAnalyzer (75)
[2018.08.07-00.00.12:498][188]LogModuleManager: Shutting down and abandoning module WorkspaceMenuStructure (74)
[2018.08.07-00.00.12:498][188]LogModuleManager: Shutting down and abandoning module MessageLog (73)
[2018.08.07-00.00.12:498][188]LogModuleManager: Shutting down and abandoning module Sequencer (72)
[2018.08.07-00.00.12:498][188]LogModuleManager: Shutting down and abandoning module AssetTools (71)
[2018.08.07-00.00.12:498][188]LogModuleManager: Shutting down and abandoning module UMGEditor (70)
[2018.08.07-00.00.12:498][188]LogModuleManager: Shutting down and abandoning module UMG (69)
[2018.08.07-00.00.12:498][188]LogModuleManager: Shutting down and abandoning module Slate (68)
[2018.08.07-00.00.12:498][188]LogModuleManager: Shutting down and abandoning module EditorStyle (67)
[2018.08.07-00.00.12:499][188]LogModuleManager: Shutting down and abandoning module SessionServices (66)
[2018.08.07-00.00.12:500][188]LogModuleManager: Shutting down and abandoning module SourceCodeAccess (65)
[2018.08.07-00.00.12:500][188]LogModuleManager: Shutting down and abandoning module HeadMountedDisplay (64)
[2018.08.07-00.00.12:500][188]LogModuleManager: Shutting down and abandoning module XAudio2 (63)
[2018.08.07-00.00.12:500][188]LogModuleManager: Shutting down and abandoning module Networking (61)
[2018.08.07-00.00.12:500][188]LogModuleManager: Shutting down and abandoning module Core (60)
[2018.08.07-00.00.12:500][188]LogModuleManager: Shutting down and abandoning module KismetCompiler (59)
[2018.08.07-00.00.12:500][188]LogModuleManager: Shutting down and abandoning module PhysXFormats (58)
[2018.08.07-00.00.12:500][188]LogModuleManager: Shutting down and abandoning module MeshUtilities (57)
[2018.08.07-00.00.12:500][188]LogModuleManager: Shutting down and abandoning module DerivedDataCache (56)
[2018.08.07-00.00.12:530][188]LogDerivedDataCache: Shutdown
[2018.08.07-00.00.12:530][188]LogModuleManager: Shutting down and abandoning module ShaderFormatOpenGL (55)
[2018.08.07-00.00.12:530][188]LogModuleManager: Shutting down and abandoning module ShaderFormatD3D (54)
[2018.08.07-00.00.12:530][188]LogModuleManager: Shutting down and abandoning module MetalShaderFormat (53)
[2018.08.07-00.00.12:530][188]LogModuleManager: Shutting down and abandoning module TextureFormatUncompressed (52)
[2018.08.07-00.00.12:530][188]LogModuleManager: Shutting down and abandoning module TextureFormatPVR (51)
[2018.08.07-00.00.12:530][188]LogModuleManager: Shutting down and abandoning module TextureFormatIntelISPCTexComp (50)
[2018.08.07-00.00.12:530][188]LogModuleManager: Shutting down and abandoning module TextureFormatDXT (49)
[2018.08.07-00.00.12:530][188]LogModuleManager: Shutting down and abandoning module ImageWrapper (48)
[2018.08.07-00.00.12:530][188]LogModuleManager: Shutting down and abandoning module TextureFormatASTC (47)
[2018.08.07-00.00.12:530][188]LogModuleManager: Shutting down and abandoning module TextureFormatAndroid (46)
[2018.08.07-00.00.12:530][188]LogModuleManager: Shutting down and abandoning module AudioFormatOpus (45)
[2018.08.07-00.00.12:530][188]LogModuleManager: Shutting down and abandoning module AudioFormatOgg (44)
[2018.08.07-00.00.12:530][188]LogModuleManager: Shutting down and abandoning module AudioFormatADPCM (43)
[2018.08.07-00.00.12:530][188]LogModuleManager: Shutting down and abandoning module LinuxTargetPlatform (42)
[2018.08.07-00.00.12:530][188]LogModuleManager: Shutting down and abandoning module LinuxServerTargetPlatform (41)
[2018.08.07-00.00.12:530][188]LogModuleManager: Shutting down and abandoning module LinuxNoEditorTargetPlatform (40)
[2018.08.07-00.00.12:530][188]LogModuleManager: Shutting down and abandoning module Messaging (39)
[2018.08.07-00.00.12:530][188]LogModuleManager: Shutting down and abandoning module IOSTargetPlatform (38)
[2018.08.07-00.00.12:530][188]LogModuleManager: Shutting down and abandoning module HTML5TargetPlatform (37)
[2018.08.07-00.00.12:530][188]LogModuleManager: Shutting down and abandoning module Android_PVRTCTargetPlatform (36)
[2018.08.07-00.00.12:530][188]LogModuleManager: Shutting down and abandoning module Android_MultiTargetPlatform (35)
[2018.08.07-00.00.12:530][188]LogModuleManager: Shutting down and abandoning module Android_ETC2TargetPlatform (34)
[2018.08.07-00.00.12:530][188]LogModuleManager: Shutting down and abandoning module Android_ETC1TargetPlatform (33)
[2018.08.07-00.00.12:530][188]LogModuleManager: Shutting down and abandoning module Android_DXTTargetPlatform (32)
[2018.08.07-00.00.12:530][188]LogModuleManager: Shutting down and abandoning module Android_ATCTargetPlatform (31)
[2018.08.07-00.00.12:530][188]LogModuleManager: Shutting down and abandoning module Android_ASTCTargetPlatform (30)
[2018.08.07-00.00.12:530][188]LogModuleManager: Shutting down and abandoning module AndroidTargetPlatform (29)
[2018.08.07-00.00.12:530][188]LogModuleManager: Shutting down and abandoning module WindowsTargetPlatform (28)
[2018.08.07-00.00.12:530][188]LogModuleManager: Shutting down and abandoning module WindowsServerTargetPlatform (27)
[2018.08.07-00.00.12:530][188]LogModuleManager: Shutting down and abandoning module WindowsNoEditorTargetPlatform (26)
[2018.08.07-00.00.12:530][188]LogModuleManager: Shutting down and abandoning module WindowsClientTargetPlatform (25)
[2018.08.07-00.00.12:530][188]LogModuleManager: Shutting down and abandoning module AllDesktopTargetPlatform (24)
[2018.08.07-00.00.12:530][188]LogModuleManager: Shutting down and abandoning module TargetPlatform (23)
[2018.08.07-00.00.12:530][188]LogModuleManager: Shutting down and abandoning module InputCore (22)
[2018.08.07-00.00.12:530][188]LogModuleManager: Shutting down and abandoning module Settings (21)
[2018.08.07-00.00.12:530][188]LogModuleManager: Shutting down and abandoning module OnlineSubsystem (19)
[2018.08.07-00.00.12:530][188]LogModuleManager: Shutting down and abandoning module HTTP (18)
[2018.08.07-00.00.14:031][188]LogModuleManager: Shutting down and abandoning module XMPP (17)
[2018.08.07-00.00.14:031][188]LogModuleManager: Shutting down and abandoning module OculusRift (16)
[2018.08.07-00.00.14:031][188]LogModuleManager: Shutting down and abandoning module ExampleDeviceProfileSelector (15)
[2018.08.07-00.00.14:031][188]LogModuleManager: Shutting down and abandoning module TextureCompressor (14)
[2018.08.07-00.00.14:031][188]LogModuleManager: Shutting down and abandoning module ShaderCore (13)
[2018.08.07-00.00.14:031][188]LogModuleManager: Shutting down and abandoning module Landscape (12)
[2018.08.07-00.00.14:031][188]LogModuleManager: Shutting down and abandoning module SlateRHIRenderer (11)
[2018.08.07-00.00.14:031][188]LogModuleManager: Shutting down and abandoning module OpenGLDrv (10)
[2018.08.07-00.00.14:031][188]LogModuleManager: Shutting down and abandoning module D3D11RHI (9)
[2018.08.07-00.00.14:031][188]LogModuleManager: Shutting down and abandoning module AnimGraphRuntime (8)
[2018.08.07-00.00.14:031][188]LogModuleManager: Shutting down and abandoning module Renderer (7)
[2018.08.07-00.00.14:031][188]LogModuleManager: Shutting down and abandoning module Engine (6)
[2018.08.07-00.00.14:031][188]LogModuleManager: Shutting down and abandoning module CoreUObject (5)
[2018.08.07-00.00.14:031][188]LogModuleManager: Shutting down and abandoning module NetworkFile (4)
[2018.08.07-00.00.14:031][188]LogModuleManager: Shutting down and abandoning module StreamingFile (3)
[2018.08.07-00.00.14:031][188]LogModuleManager: Shutting down and abandoning module SandboxFile (2)
[2018.08.07-00.00.14:031][188]LogModuleManager: Shutting down and abandoning module PakFile (1)
[2018.08.07-00.00.14:033][188]LogExit: Exiting.
[2018.08.07-00.00.14:044][188]Log file closed, 08/07/18 09:30:14
